<?xml version="1.0" encoding="UTF-8"?>
<!-- Generated by org.testng.reporters.JUnitXMLReporter -->
<testsuite hostname="Raefa-PC" ignored="0" name="Default test" tests="3" failures="0" timestamp="20 Jan 2019 23:06:45 GMT" time="27.041" errors="0">
  <testcase name="homePageTitle" time="0.026" classname="hobsons.com.testCases.HomePageTestCases"/>
  <testcase name="homePageTest" time="0.838" classname="hobsons.com.testCases.HomePageTestCases"/>
  <testcase name="visitCareerPage" time="6.967" classname="hobsons.com.testCases.HomePageTestCases"/>
</testsuite> <!-- Default test -->
