<?xml version="1.0" encoding="UTF-8"?>
<!-- Generated by org.testng.reporters.JUnitXMLReporter -->
<testsuite hostname="Raefa-PC" ignored="6" name="SmokeTest" tests="4" failures="0" timestamp="20 Jan 2019 04:11:12 GMT" time="34.167" errors="0">
  <testcase name="Validatepagetitle" time="0.021" classname="hobsons.com.testCases.CareerPageTestCases"/>
  <testcase name="homePageTitle" time="0.011" classname="hobsons.com.testCases.HomePageTestCases"/>
  <testcase name="OpenPositionInArlington" time="0.427" classname="hobsons.com.testCases.OpenPositionTestCases"/>
  <testcase name="homePageTest" time="0.05" classname="hobsons.com.testCases.HomePageTestCases"/>
  <testcase name="IntroVideo" time="0.0" classname="hobsons.com.testCases.CareerPageTestCases">
    <ignored/>
  </testcase> <!-- IntroVideo -->
  <testcase name="visitCareerPage" time="0.0" classname="hobsons.com.testCases.HomePageTestCases">
    <ignored/>
  </testcase> <!-- visitCareerPage -->
  <testcase name="applyforaposition" time="0.0" classname="hobsons.com.testCases.OpenPositionTestCases">
    <ignored/>
  </testcase> <!-- applyforaposition -->
  <testcase name="VisitOpenOpportunities" time="0.0" classname="hobsons.com.testCases.CareerPageTestCases">
    <ignored/>
  </testcase> <!-- VisitOpenOpportunities -->
  <testcase name="applicationformFillUp" time="0.0" classname="hobsons.com.testCases.ApplicationSignUpTestCase">
    <ignored/>
  </testcase> <!-- applicationformFillUp -->
  <testcase name="RequireFielderrorMessageValidation" time="0.0" classname="hobsons.com.testCases.ApplicationSignUpTestCase">
    <ignored/>
  </testcase> <!-- RequireFielderrorMessageValidation -->
</testsuite> <!-- SmokeTest -->
