<?xml version="1.0" encoding="UTF-8"?>
<testng-results skipped="0" failed="0" ignored="0" total="3" passed="3">
  <reporter-output>
  </reporter-output>
  <suite name="Default suite" duration-ms="27041" started-at="2019-01-20T23:06:18Z" finished-at="2019-01-20T23:06:45Z">
    <groups>
      <group name="smoke">
        <method signature="HomePageTestCases.homePageTest()[pri:2, instance:hobsons.com.testCases.HomePageTestCases@c4039c]" name="homePageTest" class="hobsons.com.testCases.HomePageTestCases"/>
        <method signature="HomePageTestCases.homePageTitle()[pri:1, instance:hobsons.com.testCases.HomePageTestCases@c4039c]" name="homePageTitle" class="hobsons.com.testCases.HomePageTestCases"/>
      </group> <!-- smoke -->
      <group name="Regression">
        <method signature="HomePageTestCases.visitCareerPage()[pri:3, instance:hobsons.com.testCases.HomePageTestCases@c4039c]" name="visitCareerPage" class="hobsons.com.testCases.HomePageTestCases"/>
      </group> <!-- Regression -->
    </groups>
    <test name="Default test" duration-ms="27041" started-at="2019-01-20T23:06:18Z" finished-at="2019-01-20T23:06:45Z">
      <class name="hobsons.com.testCases.HomePageTestCases">
        <test-method status="PASS" signature="setUp()[pri:0, instance:hobsons.com.testCases.HomePageTestCases@c4039c]" name="setUp" is-config="true" duration-ms="6385" started-at="2019-01-20T18:06:18Z" finished-at="2019-01-20T18:06:25Z">
          <reporter-output>
          </reporter-output>
        </test-method> <!-- setUp -->
        <test-method status="PASS" signature="homePageTitle()[pri:1, instance:hobsons.com.testCases.HomePageTestCases@c4039c]" name="homePageTitle" duration-ms="26" started-at="2019-01-20T18:06:25Z" finished-at="2019-01-20T18:06:25Z">
          <reporter-output>
          </reporter-output>
        </test-method> <!-- homePageTitle -->
        <test-method status="PASS" signature="tearDown()[pri:0, instance:hobsons.com.testCases.HomePageTestCases@c4039c]" name="tearDown" is-config="true" duration-ms="179" started-at="2019-01-20T18:06:25Z" finished-at="2019-01-20T18:06:25Z">
          <reporter-output>
          </reporter-output>
        </test-method> <!-- tearDown -->
        <test-method status="PASS" signature="setUp()[pri:0, instance:hobsons.com.testCases.HomePageTestCases@c4039c]" name="setUp" is-config="true" duration-ms="5017" started-at="2019-01-20T18:06:25Z" finished-at="2019-01-20T18:06:30Z">
          <reporter-output>
          </reporter-output>
        </test-method> <!-- setUp -->
        <test-method status="PASS" signature="homePageTest()[pri:2, instance:hobsons.com.testCases.HomePageTestCases@c4039c]" name="homePageTest" duration-ms="838" started-at="2019-01-20T18:06:30Z" finished-at="2019-01-20T18:06:31Z">
          <reporter-output>
          </reporter-output>
        </test-method> <!-- homePageTest -->
        <test-method status="PASS" signature="tearDown()[pri:0, instance:hobsons.com.testCases.HomePageTestCases@c4039c]" name="tearDown" is-config="true" duration-ms="232" started-at="2019-01-20T18:06:31Z" finished-at="2019-01-20T18:06:31Z">
          <reporter-output>
          </reporter-output>
        </test-method> <!-- tearDown -->
        <test-method status="PASS" signature="setUp()[pri:0, instance:hobsons.com.testCases.HomePageTestCases@c4039c]" name="setUp" is-config="true" duration-ms="5282" started-at="2019-01-20T18:06:31Z" finished-at="2019-01-20T18:06:36Z">
          <reporter-output>
          </reporter-output>
        </test-method> <!-- setUp -->
        <test-method status="PASS" signature="visitCareerPage()[pri:3, instance:hobsons.com.testCases.HomePageTestCases@c4039c]" name="visitCareerPage" duration-ms="6967" started-at="2019-01-20T18:06:36Z" finished-at="2019-01-20T18:06:43Z">
          <reporter-output>
          </reporter-output>
        </test-method> <!-- visitCareerPage -->
        <test-method status="PASS" signature="tearDown()[pri:0, instance:hobsons.com.testCases.HomePageTestCases@c4039c]" name="tearDown" is-config="true" duration-ms="2086" started-at="2019-01-20T18:06:43Z" finished-at="2019-01-20T18:06:45Z">
          <reporter-output>
          </reporter-output>
        </test-method> <!-- tearDown -->
      </class> <!-- hobsons.com.testCases.HomePageTestCases -->
    </test> <!-- Default test -->
  </suite> <!-- Default suite -->
</testng-results>
